
::> [0   	:  run/Start]
::> [17   	:  depth >> nextExpansionSize]
::> [24   	:  1	 >> 3]
::> [27   	:  2	 >> 2]
::> [31   	:  3	 >> 5]
::> [35   	:  4	 >> 5]
::> [39   	:  5	 >> 3]
::> [57   	:  6	 >> 22]
::> [69   	:  7	 >> 38]
::> [76   	:  8	 >> 28]
::> [78   	:  9	 >> 10]
::> [79   	:  10	 >> 2]
::> [105   	:  11	 >> 104]
::> [125   	:  12	 >> 117]
::> [133   	:  13	 >> 39]
::> [134   	:  14	 >> 6]
::> [167   	:  15	 >> 208]
::> [184   	:  16	 >> 158]
::> [187   	:  17	 >> 24]
::> [187   	:  18	 >> 2]
::> [245   	:  19	 >> 229]
::> [261   	:  20	 >> 115]
::> [261   	:  21	 >> 6]
::> [289   	:  22	 >> 152]
::> [294   	:  23	 >> 44]
::> [294   	:  24	 >> 0]
::> [307   	:  25	 >> 63]
::> [309   	:  26	 >> 7]
::> [313   	:  27	 >> 16]
::> [313   	:  28	 >> 0]
::> [314   	:  29	 >> 2]
::> [315   	:  30	 >> 9]
::> [316   	:  31	 >> 16]
::> [318   	:  32	 >> 21]
::> [319   	:  33	 >> 12]
::> [321   	:  34	 >> 9]
::> [321   	:  35	 >> 2]
::> [321   	:  36	 >> 1]
::> [323   	:  37	 >> 8]
::> [325   	:  38	 >> 16]
::> [325   	:  run/Finish]
::> [325   	:  report/Start]
::> [326   	:  1	 --> Push(A,o1,o2)]
::> [326   	:  2	 --> Move(o2,o1)]
::> [326   	:  3	 --> CleanOffice(o1)]
::> [326   	:  4	 --> Move(o1,o2)]
::> [326   	:  5	 --> Push(A,o2,o1)]
::> [326   	:  6	 --> Move(o1,o4)]
::> [326   	:  7	 --> CleanOffice(o4)]
::> [326   	:  8	 --> Move(o4,o7)]
::> [326   	:  9	 --> CleanOffice(o7)]
::> [326   	:  10	 --> Move(o7,o8)]
::> [326   	:  11	 --> CleanOffice(o8)]
::> [326   	:  12	 --> Move(o8,o5)]
::> [327   	:  13	 --> CleanOffice(o5)]
::> [327   	:  14	 --> Move(o5,o2)]
::> [327   	:  15	 --> CleanOffice(o2)]
::> [327   	:  16	 --> Move(o2,o3)]
::> [327   	:  17	 --> CleanOffice(o3)]
::> [327   	:  18	 --> Move(o3,o6)]
::> [327   	:  19	 --> CleanOffice(o6)]
::> [327   	:  20	 --> Move(o6,o9)]
::> [327   	:  21	 --> CleanOffice(o9)]
::> [327   	:  best match: 0 differences]
::> [327   	:  skipped:    1170 repeated states]
::> [327   	:  skipped:    3446 looping states]
::> [327   	:  total:      1505 states]
::> [328   	:  report/Finish]