
::> [0   	:  run/Start]
::> [17   	:  depth >> nextExpansionSize]
::> [26   	:  1	 >> 5]
::> [33   	:  2	 >> 7]
::> [43   	:  3	 >> 9]
::> [49   	:  4	 >> 10]
::> [55   	:  5	 >> 18]
::> [65   	:  6	 >> 23]
::> [74   	:  7	 >> 18]
::> [77   	:  8	 >> 12]
::> [79   	:  9	 >> 8]
::> [80   	:  10	 >> 4]
::> [81   	:  11	 >> 4]
::> [83   	:  12	 >> 7]
::> [84   	:  13	 >> 4]
::> [88   	:  14	 >> 10]
::> [92   	:  15	 >> 22]
::> [98   	:  16	 >> 27]
::> [100   	:  17	 >> 10]
::> [101   	:  18	 >> 4]
::> [110   	:  19	 >> 27]
::> [117   	:  20	 >> 44]
::> [122   	:  21	 >> 25]
::> [122   	:  22	 >> 3]
::> [122   	:  23	 >> 1]
::> [130   	:  24	 >> 25]
::> [135   	:  25	 >> 30]
::> [136   	:  26	 >> 7]
::> [138   	:  run/Finish]
::> [138   	:  report/Start]
::> [138   	:  1	 --> Move(o4,o1)]
::> [138   	:  2	 --> CleanOffice(o1)]
::> [138   	:  3	 --> Move(o1,o2)]
::> [138   	:  4	 --> Move(o2,o3)]
::> [138   	:  5	 --> CleanOffice(o3)]
::> [138   	:  6	 --> Move(o3,o6)]
::> [138   	:  7	 --> Move(o6,o9)]
::> [138   	:  8	 --> CleanOffice(o9)]
::> [138   	:  9	 --> Move(o9,o8)]
::> [138   	:  10	 --> CleanOffice(o8)]
::> [139   	:  11	 --> Move(o8,o5)]
::> [139   	:  12	 --> Push(A,o5,o6)]
::> [139   	:  13	 --> Move(o6,o5)]
::> [139   	:  14	 --> CleanOffice(o5)]
::> [139   	:  best match: 0 differences]
::> [139   	:  skipped:    183 repeated states]
::> [139   	:  skipped:    310 looping states]
::> [139   	:  total:      373 states]
::> [139   	:  report/Finish]