
::> [0   	:  run/Start]
::> [18   	:  depth >> nextExpansionSize]
::> [25   	:  1	 >> 3]
::> [28   	:  2	 >> 2]
::> [34   	:  3	 >> 5]
::> [40   	:  4	 >> 5]
::> [44   	:  5	 >> 7]
::> [50   	:  6	 >> 9]
::> [60   	:  7	 >> 16]
::> [65   	:  8	 >> 7]
::> [69   	:  9	 >> 7]
::> [70   	:  10	 >> 0]
::> [80   	:  11	 >> 17]
::> [85   	:  12	 >> 20]
::> [89   	:  13	 >> 7]
::> [91   	:  14	 >> 11]
::> [97   	:  15	 >> 19]
::> [103   	:  16	 >> 14]
::> [105   	:  17	 >> 7]
::> [107   	:  18	 >> 14]
::> [110   	:  19	 >> 16]
::> [112   	:  20	 >> 8]
::> [112   	:  21	 >> 1]
::> [116   	:  22	 >> 10]
::> [120   	:  23	 >> 18]
::> [128   	:  24	 >> 26]
::> [131   	:  25	 >> 16]
::> [134   	:  26	 >> 14]
::> [137   	:  27	 >> 9]
::> [138   	:  28	 >> 1]
::> [151   	:  29	 >> 46]
::> [161   	:  30	 >> 105]
::> [171   	:  31	 >> 87]
::> [179   	:  32	 >> 63]
::> [183   	:  33	 >> 24]
::> [183   	:  34	 >> 2]
::> [196   	:  35	 >> 89]
::> [207   	:  36	 >> 143]
::> [218   	:  37	 >> 102]
::> [227   	:  38	 >> 60]
::> [230   	:  39	 >> 15]
::> [245   	:  40	 >> 76]
::> [252   	:  41	 >> 85]
::> [258   	:  42	 >> 58]
::> [262   	:  43	 >> 28]
::> [263   	:  44	 >> 6]
::> [269   	:  45	 >> 34]
::> [271   	:  46	 >> 22]
::> [273   	:  47	 >> 20]
::> [274   	:  48	 >> 10]
::> [274   	:  49	 >> 4]
::> [276   	:  50	 >> 8]
::> [276   	:  51	 >> 3]
::> [276   	:  52	 >> 5]
::> [277   	:  53	 >> 4]
::> [277   	:  54	 >> 2]
::> [277   	:  55	 >> 1]
::> [278   	:  56	 >> 2]
::> [288   	:  57	 >> 27]
::> [290   	:  58	 >> 31]
::> [292   	:  59	 >> 17]
::> [294   	:  60	 >> 10]
::> [294   	:  61	 >> 3]
::> [294   	:  62	 >> 3]
::> [295   	:  63	 >> 5]
::> [313   	:  64	 >> 176]
::> [327   	:  65	 >> 257]
::> [338   	:  66	 >> 147]
::> [346   	:  67	 >> 135]
::> [351   	:  68	 >> 81]
::> [355   	:  69	 >> 75]
::> [357   	:  70	 >> 25]
::> [358   	:  71	 >> 21]
::> [358   	:  72	 >> 2]
::> [358   	:  73	 >> 5]
::> [367   	:  74	 >> 90]
::> [371   	:  75	 >> 82]
::> [376   	:  76	 >> 100]
::> [381   	:  77	 >> 82]
::> [385   	:  78	 >> 73]
::> [386   	:  79	 >> 9]
::> [386   	:  80	 >> 8]
::> [386   	:  81	 >> 6]
::> [387   	:  82	 >> 11]
::> [387   	:  83	 >> 10]
::> [388   	:  84	 >> 3]
::> [388   	:  85	 >> 3]
::> [388   	:  86	 >> 2]
::> [388   	:  87	 >> 4]
::> [397   	:  88	 >> 92]
::> [401   	:  89	 >> 92]
::> [418   	:  90	 >> 52]
::> [420   	:  91	 >> 33]
::> [420   	:  92	 >> 10]
::> [420   	:  93	 >> 2]
::> [422   	:  94	 >> 13]
::> [423   	:  95	 >> 22]
::> [445   	:  96	 >> 281]
::> [473   	:  97	 >> 406]
::> [487   	:  98	 >> 203]
::> [498   	:  99	 >> 179]
::> [503   	:  100	 >> 110]
::> [510   	:  101	 >> 143]
::> [513   	:  102	 >> 45]
::> [514   	:  103	 >> 27]
::> [514   	:  104	 >> 2]
::> [514   	:  105	 >> 5]
::> [525   	:  106	 >> 108]
::> [550   	:  107	 >> 82]
::> [554   	:  108	 >> 100]
::> [559   	:  109	 >> 82]
::> [562   	:  110	 >> 73]
::> [563   	:  111	 >> 9]
::> [563   	:  112	 >> 8]
::> [564   	:  113	 >> 4]
::> [564   	:  114	 >> 6]
::> [564   	:  115	 >> 4]
::> [564   	:  116	 >> 1]
::> [564   	:  117	 >> 2]
::> [571   	:  118	 >> 71]
::> [574   	:  119	 >> 50]
::> [575   	:  120	 >> 24]
::> [576   	:  121	 >> 9]
::> [576   	:  122	 >> 3]
::> [577   	:  123	 >> 7]
::> [577   	:  124	 >> 12]
::> [589   	:  125	 >> 165]
::> [598   	:  126	 >> 205]
::> [604   	:  127	 >> 89]
::> [608   	:  128	 >> 61]
::> [610   	:  129	 >> 23]
::> [613   	:  130	 >> 35]
::> [614   	:  131	 >> 10]
::> [614   	:  132	 >> 3]
::> [619   	:  133	 >> 21]
::> [621   	:  134	 >> 31]
::> [722   	:  135	 >> 1045]
::> [791   	:  136	 >> 1457]
::> [867   	:  137	 >> 847]
::> [944   	:  138	 >> 690]
::> [958   	:  139	 >> 279]
::> [969   	:  140	 >> 276]
::> [973   	:  141	 >> 83]
::> [975   	:  142	 >> 41]
::> [976   	:  143	 >> 2]
::> [976   	:  144	 >> 5]
::> [976   	:  145	 >> 15]
::> [977   	:  146	 >> 20]
::> [978   	:  147	 >> 18]
::> [978   	:  148	 >> 5]
::> [979   	:  149	 >> 10]
::> [979   	:  150	 >> 7]
::> [979   	:  151	 >> 2]
::> [979   	:  152	 >> 2]
::> [1023   	:  153	 >> 534]
::> [1039   	:  154	 >> 423]
::> [1059   	:  155	 >> 391]
::> [1072   	:  156	 >> 281]
::> [1079   	:  157	 >> 144]
::> [1082   	:  158	 >> 76]
::> [1083   	:  159	 >> 14]
::> [1083   	:  160	 >> 3]
::> [1085   	:  161	 >> 43]
::> [1088   	:  162	 >> 53]
::> [1089   	:  163	 >> 28]
::> [1090   	:  164	 >> 11]
::> [1091   	:  run/Finish]
::> [1091   	:  report/Start]
::> [1091   	:  1	 --> Move(o9,o6)]
::> [1091   	:  2	 --> Push(E,o6,o9)]
::> [1091   	:  3	 --> Push(E,o9,o8)]
::> [1091   	:  4	 --> Move(o8,o5)]
::> [1091   	:  5	 --> Push(D,o5,o4)]
::> [1091   	:  6	 --> Move(o4,o1)]
::> [1091   	:  7	 --> Move(o1,o2)]
::> [1091   	:  8	 --> Push(B,o2,o5)]
::> [1091   	:  9	 --> Push(B,o5,o6)]
::> [1091   	:  10	 --> Move(o6,o5)]
::> [1091   	:  11	 --> Move(o5,o8)]
::> [1093   	:  12	 --> Push(E,o8,o5)]
::> [1093   	:  13	 --> Push(E,o5,o2)]
::> [1093   	:  14	 --> Move(o2,o5)]
::> [1093   	:  15	 --> CleanOffice(o5)]
::> [1093   	:  16	 --> Move(o5,o4)]
::> [1093   	:  17	 --> Push(D,o4,o5)]
::> [1093   	:  18	 --> Move(o5,o2)]
::> [1093   	:  19	 --> Move(o2,o1)]
::> [1093   	:  20	 --> Push(A,o1,o4)]
::> [1093   	:  21	 --> Move(o4,o1)]
::> [1093   	:  22	 --> CleanOffice(o1)]
::> [1093   	:  23	 --> Move(o1,o4)]
::> [1093   	:  24	 --> Push(A,o4,o1)]
::> [1094   	:  25	 --> Move(o1,o2)]
::> [1094   	:  26	 --> Move(o2,o3)]
::> [1094   	:  27	 --> Move(o3,o6)]
::> [1094   	:  28	 --> Push(B,o6,o9)]
::> [1094   	:  29	 --> Push(B,o9,o8)]
::> [1094   	:  30	 --> Move(o8,o5)]
::> [1094   	:  31	 --> Move(o5,o6)]
::> [1094   	:  32	 --> CleanOffice(o6)]
::> [1094   	:  33	 --> Move(o6,o3)]
::> [1094   	:  34	 --> Push(C,o3,o6)]
::> [1094   	:  35	 --> Push(C,o6,o9)]
::> [1094   	:  36	 --> Move(o9,o6)]
::> [1094   	:  37	 --> Move(o6,o3)]
::> [1095   	:  38	 --> Move(o3,o2)]
::> [1095   	:  39	 --> Push(E,o2,o3)]
::> [1095   	:  40	 --> Move(o3,o2)]
::> [1095   	:  41	 --> CleanOffice(o2)]
::> [1095   	:  42	 --> Move(o2,o1)]
::> [1095   	:  43	 --> Push(A,o1,o4)]
::> [1095   	:  44	 --> Push(A,o4,o7)]
::> [1095   	:  45	 --> Move(o7,o4)]
::> [1095   	:  46	 --> Move(o4,o5)]
::> [1095   	:  47	 --> Push(D,o5,o4)]
::> [1095   	:  48	 --> Move(o4,o1)]
::> [1095   	:  49	 --> Move(o1,o2)]
::> [1095   	:  50	 --> Move(o2,o3)]
::> [1095   	:  51	 --> Push(E,o3,o2)]
::> [1095   	:  52	 --> Push(E,o2,o5)]
::> [1095   	:  53	 --> Move(o5,o2)]
::> [1095   	:  54	 --> Move(o2,o3)]
::> [1096   	:  55	 --> CleanOffice(o3)]
::> [1096   	:  best match: 0 differences]
::> [1096   	:  skipped:    16902 repeated1 states]
::> [1096   	:  skipped:    12433 looping states]
::> [1096   	:  total:      12719 states]
::> [1096   	:  report/Finish]