
::> [0   	:  run/Start]
::> [19   	:  depth >> nextExpansionSize]
::> [28   	:  1	 >> 3]
::> [33   	:  2	 >> 2]
::> [43   	:  3	 >> 7]
::> [48   	:  4	 >> 5]
::> [50   	:  5	 >> 2]
::> [52   	:  6	 >> 2]
::> [55   	:  7	 >> 5]
::> [59   	:  8	 >> 8]
::> [63   	:  9	 >> 12]
::> [68   	:  10	 >> 5]
::> [69   	:  11	 >> 2]
::> [70   	:  12	 >> 1]
::> [75   	:  13	 >> 5]
::> [77   	:  14	 >> 8]
::> [79   	:  15	 >> 3]
::> [81   	:  16	 >> 6]
::> [84   	:  17	 >> 10]
::> [86   	:  18	 >> 11]
::> [88   	:  19	 >> 7]
::> [88   	:  20	 >> 1]
::> [91   	:  21	 >> 7]
::> [93   	:  22	 >> 7]
::> [94   	:  23	 >> 3]
::> [95   	:  24	 >> 1]
::> [97   	:  25	 >> 3]
::> [107   	:  26	 >> 25]
::> [113   	:  27	 >> 20]
::> [119   	:  28	 >> 15]
::> [122   	:  29	 >> 7]
::> [123   	:  30	 >> 2]
::> [126   	:  31	 >> 3]
::> [129   	:  32	 >> 8]
::> [164   	:  33	 >> 115]
::> [177   	:  34	 >> 115]
::> [187   	:  35	 >> 100]
::> [192   	:  36	 >> 51]
::> [195   	:  37	 >> 25]
::> [195   	:  38	 >> 8]
::> [196   	:  39	 >> 2]
::> [205   	:  40	 >> 52]
::> [209   	:  41	 >> 54]
::> [212   	:  42	 >> 12]
::> [213   	:  run/Finish]
::> [213   	:  report/Start]
::> [213   	:  1	 --> Move(o4,o5)]
::> [213   	:  2	 --> Push(A,o5,o2)]
::> [213   	:  3	 --> Move(o2,o5)]
::> [213   	:  4	 --> CleanOffice(o5)]
::> [213   	:  5	 --> Move(o5,o2)]
::> [213   	:  6	 --> Push(A,o2,o5)]
::> [213   	:  7	 --> Move(o5,o8)]
::> [213   	:  8	 --> CleanOffice(o8)]
::> [214   	:  9	 --> Move(o8,o5)]
::> [214   	:  10	 --> Move(o5,o2)]
::> [214   	:  11	 --> Move(o2,o1)]
::> [214   	:  12	 --> CleanOffice(o1)]
::> [214   	:  13	 --> Move(o1,o2)]
::> [214   	:  14	 --> Move(o2,o5)]
::> [215   	:  15	 --> Push(A,o5,o2)]
::> [215   	:  16	 --> Push(A,o2,o1)]
::> [215   	:  17	 --> Move(o1,o2)]
::> [215   	:  18	 --> Move(o2,o3)]
::> [215   	:  19	 --> Move(o3,o6)]
::> [215   	:  20	 --> Move(o6,o9)]
::> [215   	:  21	 --> CleanOffice(o9)]
::> [215   	:  best match: 0 differences]
::> [215   	:  skipped:    601 repeated states]
::> [215   	:  skipped:    697 looping states]
::> [215   	:  total:      742 states]
::> [215   	:  report/Finish]