
::> [0   	:  run/Start]
::> [16   	:  depth >> nextExpansionSize]
::> [22   	:  1	 >> 3]
::> [26   	:  2	 >> 2]
::> [35   	:  3	 >> 9]
::> [42   	:  4	 >> 10]
::> [48   	:  5	 >> 11]
::> [53   	:  6	 >> 9]
::> [56   	:  7	 >> 8]
::> [58   	:  8	 >> 3]
::> [61   	:  9	 >> 5]
::> [64   	:  10	 >> 8]
::> [66   	:  11	 >> 3]
::> [69   	:  12	 >> 6]
::> [72   	:  13	 >> 10]
::> [75   	:  14	 >> 11]
::> [77   	:  15	 >> 7]
::> [78   	:  16	 >> 1]
::> [80   	:  17	 >> 7]
::> [82   	:  18	 >> 7]
::> [83   	:  19	 >> 3]
::> [84   	:  20	 >> 1]
::> [85   	:  21	 >> 3]
::> [93   	:  22	 >> 25]
::> [98   	:  23	 >> 20]
::> [103   	:  24	 >> 15]
::> [105   	:  25	 >> 7]
::> [106   	:  26	 >> 2]
::> [109   	:  27	 >> 3]
::> [111   	:  28	 >> 8]
::> [146   	:  29	 >> 115]
::> [160   	:  30	 >> 115]
::> [170   	:  31	 >> 100]
::> [174   	:  32	 >> 51]
::> [176   	:  33	 >> 25]
::> [177   	:  34	 >> 8]
::> [177   	:  35	 >> 2]
::> [187   	:  36	 >> 52]
::> [191   	:  37	 >> 54]
::> [193   	:  38	 >> 12]
::> [194   	:  run/Finish]
::> [194   	:  report/Start]
::> [194   	:  1	 --> Move(o4,o5)]
::> [194   	:  2	 --> Push(A,o5,o2)]
::> [194   	:  3	 --> Move(o2,o5)]
::> [194   	:  4	 --> CleanOffice(o5)]
::> [194   	:  5	 --> Move(o5,o2)]
::> [194   	:  6	 --> Push(A,o2,o5)]
::> [194   	:  7	 --> Move(o5,o8)]
::> [194   	:  8	 --> CleanOffice(o8)]
::> [194   	:  9	 --> Move(o8,o5)]
::> [194   	:  10	 --> Move(o5,o2)]
::> [195   	:  11	 --> Move(o2,o1)]
::> [195   	:  12	 --> CleanOffice(o1)]
::> [195   	:  13	 --> Move(o1,o2)]
::> [195   	:  14	 --> Move(o2,o5)]
::> [195   	:  15	 --> Push(A,o5,o8)]
::> [195   	:  16	 --> Move(o8,o9)]
::> [195   	:  17	 --> CleanOffice(o9)]
::> [195   	:  best match: 0 differences]
::> [195   	:  skipped:    600 repeated states]
::> [195   	:  skipped:    697 looping states]
::> [195   	:  total:      743 states]
::> [195   	:  report/Finish]