
::> [0   	:  run/Start]
::> [24   	:  depth >> nextExpansionSize]
::> [36   	:  1	 >> 5]
::> [46   	:  2	 >> 7]
::> [57   	:  3	 >> 9]
::> [64   	:  4	 >> 10]
::> [74   	:  5	 >> 18]
::> [89   	:  6	 >> 23]
::> [95   	:  7	 >> 18]
::> [102   	:  8	 >> 12]
::> [104   	:  9	 >> 8]
::> [106   	:  10	 >> 4]
::> [108   	:  11	 >> 4]
::> [111   	:  12	 >> 7]
::> [116   	:  13	 >> 4]
::> [120   	:  14	 >> 10]
::> [131   	:  15	 >> 22]
::> [145   	:  16	 >> 27]
::> [148   	:  17	 >> 10]
::> [149   	:  18	 >> 4]
::> [162   	:  19	 >> 27]
::> [170   	:  20	 >> 44]
::> [175   	:  21	 >> 25]
::> [176   	:  22	 >> 3]
::> [176   	:  23	 >> 1]
::> [184   	:  24	 >> 25]
::> [189   	:  25	 >> 30]
::> [191   	:  26	 >> 7]
::> [193   	:  run/Finish]
::> [193   	:  report/Start]
::> [194   	:  1	 --> Move(o4,o1)]
::> [194   	:  2	 --> CleanOffice(o1)]
::> [194   	:  3	 --> Move(o1,o2)]
::> [194   	:  4	 --> Move(o2,o3)]
::> [194   	:  5	 --> CleanOffice(o3)]
::> [194   	:  6	 --> Move(o3,o6)]
::> [194   	:  7	 --> Move(o6,o9)]
::> [194   	:  8	 --> CleanOffice(o9)]
::> [194   	:  9	 --> Move(o9,o8)]
::> [194   	:  10	 --> CleanOffice(o8)]
::> [195   	:  11	 --> Move(o8,o5)]
::> [195   	:  12	 --> Push(A,o5,o6)]
::> [195   	:  13	 --> Move(o6,o5)]
::> [195   	:  14	 --> CleanOffice(o5)]
::> [195   	:  best match: 0 differences]
::> [195   	:  skipped:    183 repeated states]
::> [195   	:  skipped:    310 looping states]
::> [195   	:  total:      373 states]
::> [195   	:  report/Finish]